<?xml version="1.0" encoding="UTF-8"?>
<testng-results ignored="0" total="1" passed="1" failed="0" skipped="0">
  <reporter-output>
  </reporter-output>
  <suite started-at="2023-12-08T17:04:01 IST" name="Default suite" finished-at="2023-12-08T17:04:05 IST" duration-ms="4313">
    <groups>
    </groups>
    <test started-at="2023-12-08T17:04:01 IST" name="Default test" finished-at="2023-12-08T17:04:05 IST" duration-ms="4313">
      <class name="Rocking.Basic_Script">
        <test-method signature="launch_app()[pri:0, instance:Rocking.Basic_Script@51e69659]" started-at="2023-12-08T17:04:01 IST" name="launch_app" finished-at="2023-12-08T17:04:05 IST" duration-ms="4280" status="PASS">
          <reporter-output>
          </reporter-output>
        </test-method> <!-- launch_app -->
      </class> <!-- Rocking.Basic_Script -->
    </test> <!-- Default test -->
  </suite> <!-- Default suite -->
</testng-results>
