<?xml version="1.0" encoding="UTF-8"?>
<testng-results ignored="0" total="1" passed="1" failed="0" skipped="0">
  <reporter-output>
  </reporter-output>
  <suite started-at="2023-12-19T16:05:25 IST" name="Default suite" finished-at="2023-12-19T16:05:48 IST" duration-ms="23041">
    <groups>
    </groups>
    <test started-at="2023-12-19T16:05:25 IST" name="Default test" finished-at="2023-12-19T16:05:48 IST" duration-ms="23041">
      <class name="Business_logic.end_to_endScript">
        <test-method is-config="true" signature="launch_app()[pri:0, instance:Business_logic.end_to_endScript@20140db9]" started-at="2023-12-19T16:05:25 IST" name="launch_app" finished-at="2023-12-19T16:05:30 IST" duration-ms="4981" status="PASS">
          <reporter-output>
          </reporter-output>
        </test-method> <!-- launch_app -->
        <test-method is-config="true" signature="login_app()[pri:0, instance:Business_logic.end_to_endScript@20140db9]" started-at="2023-12-19T16:05:30 IST" name="login_app" finished-at="2023-12-19T16:05:34 IST" duration-ms="4367" status="PASS">
          <reporter-output>
          </reporter-output>
        </test-method> <!-- login_app -->
        <test-method signature="login()[pri:0, instance:Business_logic.end_to_endScript@20140db9]" started-at="2023-12-19T16:05:34 IST" name="login" finished-at="2023-12-19T16:05:42 IST" duration-ms="8296" status="PASS">
          <reporter-output>
          </reporter-output>
        </test-method> <!-- login -->
        <test-method is-config="true" signature="logout_app()[pri:0, instance:Business_logic.end_to_endScript@20140db9]" started-at="2023-12-19T16:05:42 IST" name="logout_app" finished-at="2023-12-19T16:05:47 IST" duration-ms="4965" status="PASS">
          <reporter-output>
          </reporter-output>
        </test-method> <!-- logout_app -->
        <test-method is-config="true" signature="close_app()[pri:0, instance:Business_logic.end_to_endScript@20140db9]" started-at="2023-12-19T16:05:47 IST" name="close_app" finished-at="2023-12-19T16:05:48 IST" duration-ms="366" status="PASS">
          <reporter-output>
          </reporter-output>
        </test-method> <!-- close_app -->
      </class> <!-- Business_logic.end_to_endScript -->
    </test> <!-- Default test -->
  </suite> <!-- Default suite -->
</testng-results>
