<?xml version="1.0" encoding="UTF-8"?>
<testng-results ignored="0" total="1" passed="1" failed="0" skipped="0">
  <reporter-output>
  </reporter-output>
  <suite started-at="2023-12-12T13:54:29 IST" name="Default suite" finished-at="2023-12-12T13:54:30 IST" duration-ms="783">
    <groups>
    </groups>
    <test started-at="2023-12-12T13:54:29 IST" name="Default test" finished-at="2023-12-12T13:54:30 IST" duration-ms="783">
      <class name="generic.tejas">
        <test-method signature="tejs()[pri:0, instance:generic.tejas@67f639d3]" started-at="2023-12-12T13:54:29 IST" name="tejs" finished-at="2023-12-12T13:54:30 IST" duration-ms="709" status="PASS">
          <reporter-output>
          </reporter-output>
        </test-method> <!-- tejs -->
      </class> <!-- generic.tejas -->
    </test> <!-- Default test -->
  </suite> <!-- Default suite -->
</testng-results>
