<?xml version="1.0" encoding="UTF-8"?>
<testng-results ignored="0" total="1" passed="1" failed="0" skipped="0">
  <reporter-output>
  </reporter-output>
  <suite started-at="2023-12-12T14:10:13 IST" name="Default suite" finished-at="2023-12-12T14:10:14 IST" duration-ms="790">
    <groups>
    </groups>
    <test started-at="2023-12-12T14:10:13 IST" name="Default test" finished-at="2023-12-12T14:10:14 IST" duration-ms="790">
      <class name="generic.tejas">
        <test-method signature="tejs()[pri:0, instance:generic.tejas@4b8ee4de]" started-at="2023-12-12T14:10:13 IST" name="tejs" finished-at="2023-12-12T14:10:13 IST" duration-ms="716" status="PASS">
          <reporter-output>
          </reporter-output>
        </test-method> <!-- tejs -->
      </class> <!-- generic.tejas -->
    </test> <!-- Default test -->
  </suite> <!-- Default suite -->
</testng-results>
